<?xml version="1.0" encoding="UTF-8"?>
<!-- Generated by org.testng.reporters.JUnitXMLReporter -->
<testsuite hostname="INBAWN167329" ignored="0" name="Login page Test" tests="4" failures="0" timestamp="18 Apr 2022 19:08:33 GMT" time="14.171" errors="0">
  <testcase name="forgotPasswordLlinkTest" time="0.303" classname="com.QA.opencart.tests.LoginPageTest"/>
  <testcase name="loginPageTitleTest" time="0.023" classname="com.QA.opencart.tests.LoginPageTest"/>
  <testcase name="loginPageURLTest" time="0.058" classname="com.QA.opencart.tests.LoginPageTest"/>
  <testcase name="loginTest" time="3.519" classname="com.QA.opencart.tests.LoginPageTest"/>
</testsuite> <!-- Login page Test -->
